Round 0
ELECTION WINNER IS 7(15)  !!!!!
Active nodes where: 0(2), 1(4), 5(8), 6(5), 7(15), 8(6), 10(10), 12(1), 13(11), 14(0), 15(7), 
2   4   12  13  14  8   5   15  6   9   10  3   1   11  0   7   
1   1   0   0   0   1   1   1   1   0   1   0   1   1   1   1   
______________________________________________________________
Round 1
ELECTION WINNER IS 2(15)  !!!!!
Active nodes where: 0(10), 1(11), 2(15), 3(14), 4(12), 7(2), 10(4), 12(6), 13(9), 14(8), 15(0), 
10  11  15  14  12  1   7   2   5   13  4   3   6   9   8   0   
1   1   1   1   1   0   0   1   0   0   1   0   1   1   1   1   
______________________________________________________________
Round 2
ELECTION WINNER IS 2(15)  !!!!!
Active nodes where: 0(8), 1(10), 2(15), 4(1), 5(2), 8(11), 9(9), 10(0), 11(12), 13(6), 14(13), 15(5), 
8   10  15  7   1   2   14  3   11  9   0   12  4   6   13  5   
1   1   1   0   1   1   0   0   1   1   1   1   0   1   1   1   
______________________________________________________________
Round 3
ELECTION WINNER IS 5(15)  !!!!!
Active nodes where: 0(12), 2(6), 3(13), 4(4), 5(15), 6(1), 8(10), 10(3), 11(8), 13(0), 14(11), 15(7), 
12  2   6   13  4   15  1   14  10  9   3   8   5   0   11  7   
1   0   1   1   1   1   1   0   1   0   1   1   0   1   1   1   
______________________________________________________________
Round 4
ELECTION WINNER IS 8(15)  !!!!!
Active nodes where: 0(2), 1(1), 2(12), 4(11), 7(14), 8(15), 10(0), 12(3), 13(6), 14(9), 15(8), 
2   1   12  7   11  10  5   14  15  4   0   13  3   6   9   8   
1   1   1   0   1   0   0   1   1   0   1   0   1   1   1   1   
______________________________________________________________
Round 5
ELECTION WINNER IS 12(15)  !!!!!
Active nodes where: 1(9), 2(8), 3(0), 4(14), 5(1), 6(12), 7(5), 8(6), 9(3), 11(2), 12(15), 13(13), 15(4), 
11  9   8   0   14  1   12  5   6   3   7   2   15  13  10  4   
0   1   1   1   1   1   1   1   1   1   0   1   1   1   0   1   
______________________________________________________________
Round 6
ELECTION WINNER IS 3(12)  !!!!!
Active nodes where: 0(9), 1(6), 2(7), 3(12), 4(0), 7(2), 8(1), 9(5), 10(8), 13(3), 15(4), 
9   6   7   12  0   14  15  2   1   5   8   13  11  3   10  4   
1   1   1   1   1   0   0   1   1   1   1   0   0   1   0   1   
______________________________________________________________
Round 7
ELECTION WINNER IS 7(14)  !!!!!
Active nodes where: 0(13), 2(9), 3(10), 4(11), 5(0), 6(8), 7(14), 8(1), 9(2), 10(12), 11(7), 12(5), 13(3), 14(4), 
13  15  9   10  11  0   8   14  1   2   12  7   5   3   4   6   
1   0   1   1   1   1   1   1   1   1   1   1   1   1   1   0   
______________________________________________________________
Round 8
ELECTION WINNER IS 6(15)  !!!!!
Active nodes where: 0(12), 1(8), 4(3), 5(7), 6(15), 8(4), 9(5), 10(9), 11(14), 13(6), 14(10), 
12  8   1   0   3   7   15  2   4   5   9   14  11  6   10  13  
1   1   0   0   1   1   1   0   1   1   1   1   0   1   1   0   
______________________________________________________________
Round 9
ELECTION WINNER IS 5(15)  !!!!!
Active nodes where: 2(11), 3(4), 4(2), 5(15), 6(10), 7(3), 8(9), 10(6), 11(5), 14(14), 
0   7   11  4   2   15  10  3   9   12  6   5   1   13  14  8   
0   0   1   1   1   1   1   1   1   0   1   1   0   0   1   0   
______________________________________________________________
