Round 0
ELECTION WINNER IS 22(31)  !!!!!
Active nodes where: 0(2), 2(17), 3(22), 4(19), 5(24), 6(5), 7(23), 8(6), 10(10), 11(3), 12(20), 13(18), 14(28), 15(7), 16(27), 17(21), 18(11), 19(16), 22(31), 25(14), 27(25), 28(0), 29(30), 30(9), 31(26), 
2   4   17  22  19  24  5   23  6   29  10  3   20  18  28  7   27  21  11  16  1   12  31  15  8   14  13  25  0   30  9   26  
1   0   1   1   1   1   1   1   1   0   1   1   1   1   1   1   1   1   1   1   0   0   1   0   0   1   0   1   1   1   1   1   
______________________________________________________________________________________________________________________________
Round 1
ELECTION WINNER IS 29(30)  !!!!!
Active nodes where: 2(0), 4(22), 5(20), 6(7), 7(15), 9(3), 10(9), 11(1), 12(2), 13(5), 14(25), 16(18), 17(14), 18(4), 19(12), 20(17), 22(28), 24(26), 25(29), 27(6), 28(23), 29(30), 30(16), 31(11), 
27  10  0   13  22  20  7   15  21  3   9   1   2   5   25  24  18  14  4   12  17  31  28  8   26  29  19  6   23  30  16  11  
0   0   1   0   1   1   1   1   0   1   1   1   1   1   1   0   1   1   1   1   1   0   1   0   1   1   0   1   1   1   1   1   
______________________________________________________________________________________________________________________________
Round 2
ELECTION WINNER IS 15(29)  !!!!!
Active nodes where: 0(1), 2(9), 3(18), 6(3), 10(21), 11(28), 14(6), 15(29), 16(16), 17(7), 18(26), 19(27), 20(24), 21(17), 22(8), 24(25), 25(11), 26(4), 28(10), 29(15), 31(23), 
1   0   9   18  30  12  3   20  14  22  21  28  31  2   6   29  16  7   26  27  24  17  8   5   25  11  4   13  10  15  19  23  
1   0   1   1   0   0   1   0   0   0   1   1   0   0   1   1   1   1   1   1   1   1   1   0   1   1   1   0   1   1   0   1   
______________________________________________________________________________________________________________________________
Round 3
ELECTION WINNER IS 20(31)  !!!!!
Active nodes where: 0(21), 1(20), 2(13), 4(4), 6(8), 8(27), 10(12), 11(5), 12(1), 14(22), 15(6), 16(24), 17(29), 18(23), 19(9), 20(31), 21(2), 22(25), 23(11), 24(28), 25(26), 26(18), 28(17), 29(14), 30(16), 
21  20  13  0   4   10  8   3   27  7   12  5   1   30  22  6   24  29  23  9   31  2   25  11  28  26  18  19  17  14  16  15  
1   1   1   0   1   0   1   0   1   0   1   1   1   0   1   1   1   1   1   1   1   1   1   1   1   1   1   0   1   1   1   0   
______________________________________________________________________________________________________________________________
Round 4
ELECTION WINNER IS 4(31)  !!!!!
Active nodes where: 0(16), 2(11), 3(0), 4(31), 5(30), 6(6), 7(26), 8(1), 9(21), 10(4), 13(13), 14(28), 15(8), 16(29), 17(10), 18(9), 19(18), 21(20), 22(2), 25(3), 28(12), 29(5), 31(19), 
16  25  11  0   31  30  6   26  1   21  4   24  15  13  28  8   29  10  9   18  7   20  2   23  27  3   22  14  12  5   17  19  
1   0   1   1   1   1   1   1   1   1   1   0   0   1   1   1   1   1   1   1   0   1   1   0   0   1   0   0   1   1   0   1   
______________________________________________________________________________________________________________________________
Round 5
ELECTION WINNER IS 17(31)  !!!!!
Active nodes where: 1(27), 2(4), 3(28), 5(14), 6(25), 8(23), 9(2), 11(19), 12(15), 13(5), 14(10), 15(7), 16(24), 17(31), 18(30), 19(12), 21(21), 22(22), 23(6), 24(13), 25(26), 26(18), 27(9), 
29  27  4   28  17  14  25  16  23  2   3   19  15  5   10  7   24  31  30  12  1   21  22  6   13  26  18  9   20  11  8   0   
0   1   1   1   0   1   1   0   1   1   0   1   1   1   1   1   1   1   1   1   0   1   1   1   1   1   1   1   0   0   0   0   
______________________________________________________________________________________________________________________________
Round 6
ELECTION WINNER IS 5(31)  !!!!!
Active nodes where: 0(26), 1(5), 2(0), 3(9), 4(2), 5(31), 6(15), 7(18), 8(28), 11(24), 12(1), 13(14), 14(3), 15(4), 16(16), 18(19), 19(30), 22(27), 23(8), 24(23), 25(22), 26(6), 27(29), 29(7), 31(11), 
26  5   0   9   2   31  15  18  28  12  10  24  1   14  3   4   16  13  19  30  17  20  27  8   23  22  6   29  21  7   25  11  
1   1   1   1   1   1   1   1   1   0   0   1   1   1   1   1   1   0   1   1   0   0   1   1   1   1   1   1   0   1   0   1   
______________________________________________________________________________________________________________________________
Round 7
ELECTION WINNER IS 27(31)  !!!!!
Active nodes where: 1(9), 2(5), 3(26), 4(13), 5(0), 9(10), 10(24), 11(1), 12(16), 13(2), 14(21), 16(15), 18(3), 19(23), 20(22), 21(19), 23(17), 25(7), 27(31), 29(12), 30(14), 31(25), 
29  9   5   26  13  0   28  30  20  10  24  1   16  2   21  8   15  18  3   23  22  19  11  17  6   7   27  31  4   12  14  25  
0   1   1   1   1   1   0   0   0   1   1   1   1   1   1   0   1   0   1   1   1   1   0   1   0   1   0   1   0   1   1   1   
______________________________________________________________________________________________________________________________
Round 8
ELECTION WINNER IS 18(29)  !!!!!
Active nodes where: 0(0), 1(26), 2(23), 5(7), 6(20), 8(3), 9(16), 10(15), 12(2), 14(5), 15(10), 16(17), 17(28), 18(29), 19(13), 22(1), 23(8), 26(14), 30(22), 
0   26  23  24  6   7   20  9   3   16  15  12  2   19  5   10  17  28  29  13  27  25  1   8   30  31  14  21  4   11  22  18  
1   1   1   0   0   1   1   0   1   1   1   0   1   0   1   1   1   1   1   1   0   0   1   1   0   0   1   0   0   0   1   0   
______________________________________________________________________________________________________________________________
Round 9
ELECTION WINNER IS 9(30)  !!!!!
Active nodes where: 0(6), 2(7), 4(14), 5(28), 6(20), 8(25), 9(30), 10(23), 16(18), 17(0), 18(24), 19(21), 20(12), 22(11), 23(5), 25(26), 26(4), 27(16), 29(22), 30(8), 31(10), 
6   1   7   13  14  28  20  29  25  30  23  19  15  31  9   27  18  0   24  21  12  17  11  5   3   26  4   16  2   22  8   10  
1   0   1   0   1   1   1   0   1   1   1   0   0   0   0   0   1   1   1   1   1   0   1   1   0   1   1   1   0   1   1   1   
______________________________________________________________________________________________________________________________
