Round 0
ELECTION WINNER IS 7(7)  !!!!!
Active nodes where: 1(4), 2(1), 3(3), 4(0), 5(6), 6(5), 7(7), 
2   4   1   3   0   6   5   7   
0   1   1   1   1   1   1   1   
______________________________
Round 1
ELECTION WINNER IS 7(7)  !!!!!
Active nodes where: 0(6), 1(1), 3(0), 5(3), 6(5), 7(7), 
6   1   2   0   4   3   5   7   
1   1   0   1   0   1   1   1   
______________________________
Round 2
ELECTION WINNER IS 6(7)  !!!!!
Active nodes where: 0(3), 1(5), 2(2), 4(1), 5(0), 6(7), 7(6), 
3   5   2   4   1   0   7   6   
1   1   1   0   1   1   1   1   
______________________________
Round 3
ELECTION WINNER IS 6(4)  !!!!!
Active nodes where: 1(0), 4(2), 6(4), 7(1), 
7   0   3   6   2   5   4   1   
0   1   0   0   1   0   1   1   
______________________________
Round 4
ELECTION WINNER IS 4(7)  !!!!!
Active nodes where: 0(0), 1(1), 2(3), 3(5), 4(7), 7(4), 
0   1   3   5   7   6   2   4   
1   1   1   1   1   0   0   1   
______________________________
Round 5
ELECTION WINNER IS 3(7)  !!!!!
Active nodes where: 0(0), 3(7), 4(4), 5(5), 6(2), 
0   1   6   7   4   5   2   3   
1   0   0   1   1   1   1   0   
______________________________
Round 6
ELECTION WINNER IS 2(7)  !!!!!
Active nodes where: 1(3), 2(7), 3(2), 4(6), 6(5), 7(4), 
0   3   7   2   6   1   5   4   
0   1   1   1   1   0   1   1   
______________________________
Round 7
ELECTION WINNER IS 0(6)  !!!!!
Active nodes where: 0(6), 1(3), 2(1), 4(2), 6(5), 7(4), 
6   3   1   7   2   0   5   4   
1   1   1   0   1   0   1   1   
______________________________
Round 8
ELECTION WINNER IS 3(6)  !!!!!
Active nodes where: 0(4), 1(0), 3(6), 4(1), 5(5), 
4   0   3   6   1   5   7   2   
1   1   0   1   1   1   0   0   
______________________________
Round 9
ELECTION WINNER IS 7(7)  !!!!!
Active nodes where: 1(2), 4(4), 5(5), 7(7), 
1   2   0   3   4   5   6   7   
0   1   0   0   1   1   0   1   
______________________________
