Round 0
ELECTION WINNER IS 7(23)  !!!!!
Active nodes where: 0(2), 2(17), 4(19), 5(8), 6(5), 7(23), 8(6), 10(10), 11(3), 12(20), 13(18), 14(0), 15(7), 16(14), 18(11), 19(16), 20(1), 21(12), 22(13), 23(15), 
2   4   17  22  19  8   5   23  6   9   10  3   20  18  0   7   14  21  11  16  1   12  13  15  
1   0   1   0   1   1   1   1   1   0   1   1   1   1   1   1   1   0   1   1   1   1   1   1   
______________________________________________________________________________________________
Round 1
ELECTION WINNER IS 6(23)  !!!!!
Active nodes where: 0(6), 1(14), 4(18), 5(19), 6(23), 7(13), 8(3), 9(1), 11(21), 12(12), 15(2), 16(11), 17(8), 18(16), 20(17), 21(20), 22(5), 23(10), 
6   14  22  0   18  19  23  13  3   1   9   21  12  4   7   2   11  8   16  15  17  20  5   10  
1   1   0   0   1   1   1   1   1   1   0   1   1   0   0   1   1   1   1   0   1   1   1   1   
______________________________________________________________________________________________
Round 2
ELECTION WINNER IS 15(23)  !!!!!
Active nodes where: 1(22), 2(3), 4(14), 5(16), 6(6), 7(11), 8(9), 9(18), 10(20), 11(7), 13(12), 14(10), 15(23), 18(8), 19(19), 20(15), 22(17), 23(21), 
5   22  3   0   14  16  6   11  9   18  20  7   13  12  10  23  1   2   8   19  15  4   17  21  
0   1   1   0   1   1   1   1   1   1   1   1   0   1   1   1   0   0   1   1   1   0   1   1   
______________________________________________________________________________________________
Round 3
ELECTION WINNER IS 9(23)  !!!!!
Active nodes where: 3(8), 4(18), 7(22), 8(16), 9(23), 10(15), 11(4), 12(21), 13(1), 14(0), 15(3), 17(9), 18(19), 19(5), 21(13), 22(7), 
14  2   20  8   18  17  10  22  16  23  15  4   21  1   0   3   12  9   19  5   6   13  7   11  
0   0   0   1   1   0   0   1   1   1   1   1   1   1   1   1   0   1   1   1   0   1   1   0   
______________________________________________________________________________________________
Round 4
ELECTION WINNER IS 13(23)  !!!!!
Active nodes where: 0(13), 3(17), 5(6), 6(20), 9(21), 10(0), 11(9), 13(23), 15(14), 17(2), 19(3), 20(18), 21(11), 23(22), 
13  15  4   17  5   6   20  12  10  21  0   9   19  23  1   14  8   2   7   3   18  11  16  22  
1   0   0   1   0   1   1   0   0   1   1   1   0   1   0   1   0   1   0   1   1   1   0   1   
______________________________________________________________________________________________
Round 5
ELECTION WINNER IS 10(20)  !!!!!
Active nodes where: 1(8), 3(11), 4(0), 5(14), 6(19), 9(1), 10(20), 11(15), 13(9), 14(17), 15(5), 16(10), 18(2), 19(13), 21(7), 23(4), 
23  8   6   11  0   14  19  22  12  1   20  15  18  9   17  5   10  3   2   13  16  7   21  4   
0   1   0   1   1   1   1   0   0   1   1   1   0   1   1   1   1   0   1   1   0   1   0   1   
______________________________________________________________________________________________
Round 6
ELECTION WINNER IS 11(23)  !!!!!
Active nodes where: 0(18), 3(9), 6(22), 7(14), 9(1), 10(7), 11(23), 14(15), 15(0), 17(17), 18(4), 19(2), 21(8), 22(6), 23(19), 
18  10  5   9   13  11  22  14  12  1   7   23  21  20  15  0   16  17  4   2   3   8   6   19  
1   0   0   1   0   0   1   1   0   1   1   1   0   0   1   1   0   1   1   1   0   1   1   1   
______________________________________________________________________________________________
Round 7
ELECTION WINNER IS 19(23)  !!!!!
Active nodes where: 0(22), 2(1), 3(6), 5(17), 6(2), 7(8), 8(11), 9(21), 10(19), 11(0), 12(10), 13(7), 15(12), 16(20), 17(5), 18(13), 19(23), 20(18), 21(3), 
22  16  1   6   4   17  2   8   11  21  19  0   10  7   15  12  20  5   13  23  18  3   9   14  
1   0   1   1   0   1   1   1   1   1   1   1   1   1   0   1   1   1   1   1   1   1   0   0   
______________________________________________________________________________________________
Round 8
ELECTION WINNER IS 16(23)  !!!!!
Active nodes where: 0(12), 1(13), 2(17), 3(22), 4(18), 5(16), 6(6), 7(3), 8(15), 9(10), 10(19), 11(7), 12(4), 13(14), 14(9), 15(0), 16(23), 17(20), 18(21), 21(2), 22(5), 23(11), 
12  13  17  22  18  16  6   3   15  10  19  7   4   14  9   0   23  20  21  8   1   2   5   11  
1   1   1   1   1   1   1   1   1   1   1   1   1   1   1   1   1   1   1   0   0   1   1   1   
______________________________________________________________________________________________
Round 9
ELECTION WINNER IS 18(22)  !!!!!
Active nodes where: 1(11), 2(12), 3(18), 4(17), 6(5), 7(16), 10(19), 12(0), 13(21), 15(4), 17(7), 18(22), 19(2), 20(9), 21(20), 22(1), 23(15), 
13  11  12  18  17  3   5   16  23  10  19  6   0   21  14  4   8   7   22  2   9   20  1   15  
0   1   1   1   1   0   1   1   0   0   1   0   1   1   0   1   0   1   1   1   1   1   1   1   
______________________________________________________________________________________________
