Palindrome: ebdccabdebgae
Result: 308 0 13
Palindrome: ebdccabdebgae
Result: 308 0 13
Palindrome: ebdccabdebgae
Result: 308 0 13
Palindrome: ebdccabdebgae
Result: 308 0 13
Palindrome: ebdccabdebgae
Result: 308 0 13
Palindrome: ebdccabdebgae
Result: 308 0 13
Palindrome: ebdccabdebgae
Result: 308 0 13
Palindrome: ebdccabdebgae
Result: 308 0 13
Palindrome: cabcbggbcbac
Result: 88011 0 12
Palindrome: fabdaggadbaf
Result: 88005 0 12
Palindrome: fabdaggadbaf
Result: 88005 0 12
Palindrome: fabdaggadbaf
Result: 88005 0 12
Palindrome: fabdaggadbaf
Result: 88005 0 12
Palindrome: fabdaggadbaf
Result: 88005 0 12
Palindrome: fabdaggadbaf
Result: 88005 0 12
Palindrome: fabdaggadbaf
Result: 88005 0 12
Palindrome: adffbcgagcbffd
Result: 967 1 13
Palindrome: adffbcgagcbffd
Result: 967 1 13
Palindrome: adffbcgagcbffd
Result: 967 1 13
Palindrome: adffbcgagcbffd
Result: 967 1 13
Palindrome: adffbcgagcbffd
Result: 967 1 13
Palindrome: dabbgeceeefdd
Result: 3852 0 13
Palindrome: adffbcgagcbffd
Result: 967 1 13
Palindrome: adffbcgagcbffd
Result: 967 1 13
